============================= test session starts ==============================
platform darwin -- Python 3.13.13, pytest-9.0.2, pluggy-1.6.0
rootdir: /Users/zata/code/keda-worktrees/prd-lifecycle-observability
configfile: pyproject.toml
plugins: anyio-4.12.1, timeout-2.4.0, langsmith-0.6.2, testmon-2.2.0
collected 15 items / 14 deselected / 1 selected

tests/test_prd_lifecycle.py .                                            [100%]

======================= 1 passed, 14 deselected in 0.19s =======================
